{
  "stats": {
    "suites": 1,
    "tests": 1,
    "passes": 1,
    "pending": 0,
    "failures": 0,
    "start": "2025-04-16T15:33:27.563Z",
    "end": "2025-04-16T15:33:36.060Z",
    "duration": 8497,
    "testsRegistered": 1,
    "passPercent": 100,
    "pendingPercent": 0,
    "other": 0,
    "hasOther": false,
    "skipped": 0,
    "hasSkipped": false
  },
  "results": [
    {
      "uuid": "10c3a9c4-d1af-4e3b-89b4-5b2789601081",
      "title": "",
      "fullFile": "E:\\Digital Skola\\week\\digitalSkola\\tests\\test-sauce.js",
      "file": "\\tests\\test-sauce.js",
      "beforeHooks": [],
      "afterHooks": [],
      "tests": [],
      "suites": [
        {
          "uuid": "20173c46-4e8e-4177-9dd0-39a5c64c9e68",
          "title": "Google Search Test",
          "fullFile": "E:\\Digital Skola\\week\\digitalSkola\\tests\\test-sauce.js",
          "file": "\\tests\\test-sauce.js",
          "beforeHooks": [],
          "afterHooks": [],
          "tests": [
            {
              "title": "Visit SauceDemo dan cek page title",
              "fullTitle": "Google Search Test Visit SauceDemo dan cek page title",
              "timedOut": false,
              "duration": 8483,
              "state": "passed",
              "speed": "slow",
              "pass": true,
              "fail": false,
              "pending": false,
              "context": null,
              "code": "driver = await new Builder().forBrowser('chrome').build();\nawait driver.get('https://www.saucedemo.com');\n// Login\nlet inputUsername = await driver.findElement(By.css('[data-test=\"username\"]'))\nlet inputPassword = await driver.findElement(By.xpath('//*[@data-test=\"password\"]'))\nlet buttonLogin = await driver.findElement(By.className('submit-button btn_action'))\nawait inputUsername.sendKeys('standard_user'); \nawait driver.sleep(1000);\nawait inputPassword.sendKeys('secret_sauce'); \nawait driver.sleep(1000);\nawait buttonLogin.click(); \nawait driver.sleep(1000);\n// tunggu element tampil\nlet buttonCart = await driver.wait(\n    until.elementLocated(By.xpath('//*[@data-test=\"shopping-cart-link\"]')), \n    3000\n);\n\n// assert: elememt ada\nawait buttonCart.isDisplayed()\n// assert: text dalam element benar\nlet textAppLogo = await driver.findElement(By.className('app_logo'))\nlet longtext = await textAppLogo.getText();\nassert.strictEqual(longtext, 'Swag Labs');\nawait driver.sleep(1000);\n// Filter Z to A\nlet sortDropdown = await driver.findElement(By.css('[data-test=\"product-sort-container\"]'))\nlet optionZtoA = await driver.findElement(By.css('[data-test=\"product-sort-container\"] option[value=\"za\"]'))\nawait sortDropdown.click(); \nawait driver.sleep(1000);\nawait optionZtoA.click(); \nawait driver.sleep(1000);\n\nawait driver.quit();",
              "err": {},
              "uuid": "7bd3f027-6e29-4bb9-ace2-87a56f80227c",
              "parentUUID": "20173c46-4e8e-4177-9dd0-39a5c64c9e68",
              "isHook": false,
              "skipped": false
            }
          ],
          "suites": [],
          "passes": [
            "7bd3f027-6e29-4bb9-ace2-87a56f80227c"
          ],
          "failures": [],
          "pending": [],
          "skipped": [],
          "duration": 8483,
          "root": false,
          "rootEmpty": false,
          "_timeout": 60000
        }
      ],
      "passes": [],
      "failures": [],
      "pending": [],
      "skipped": [],
      "duration": 0,
      "root": true,
      "rootEmpty": true,
      "_timeout": 60000
    }
  ],
  "meta": {
    "mocha": {
      "version": "10.8.2"
    },
    "mochawesome": {
      "options": {
        "quiet": false,
        "reportFilename": "mochawesome",
        "saveHtml": true,
        "saveJson": true,
        "consoleReporter": "spec",
        "useInlineDiffs": false,
        "code": true
      },
      "version": "7.1.3"
    },
    "marge": {
      "options": null,
      "version": "6.2.0"
    }
  }
}